<?xml version="1.0" encoding="UTF-8"?>
<!-- Generated by org.testng.reporters.JUnitReportReporter -->
<testsuite hostname="LAPTOP-58KVVUOH" failures="0" tests="1" name="com.testPack.SampleProject4.GoogleHomePage" time="4.568" errors="0" timestamp="2024-04-05T04:20:37 IST" skipped="0">
  <testcase classname="com.testPack.SampleProject4.GoogleHomePage" name="zipwheels" time="4.568"/>
  <system-out/>
</testsuite> <!-- com.testPack.SampleProject4.GoogleHomePage -->
